海螺：海螺-语音通话服务  [pre] 

trace_id :975ef54c061d1e78805ad59d0bca6868 
用户id：172394307666313220 
用户手机号:17801155850 
appid :3001 
设备类型: android


通话状态：正常结束

用户音频地址：https://audio-cdn.minimax.chat/pre/asr/172394307666313220_20240722112843.wav

tts音频地址：https://audio-cdn.minimax.chat/pre/asr/phone_msg_975ef54c061d1e78805ad59d0bca6868_271634782439022601.wav 

 播放速度 1

当前用户ASR文本：给我讲个故事。   

模型回复文本:很久很久以前，在一个遥远的国度里，有一个被茂密森林环绕的美丽村庄。这个村庄的居民们生活得非常和谐，他们以种植和养殖为生，彼此之间相互帮助，共同维护着这片土地的安宁。

在这个村庄里，有一个传说，说是在森林的最深处，隐藏着一颗神奇的宝石，它拥有着无穷的力量，能够实现持有者的愿望。然而，这颗宝石被一只强大的守护兽所守护，只有最勇敢和最纯洁的心灵才能接近它。

许多年轻的勇士们为了得到宝石的力量，纷纷踏上了寻找宝石的旅程，但无一例外地失败了。他们要么在森林中迷失方向，要么被守护兽所击败。

直到有一天，村庄里来了一个名叫艾拉的少女。艾拉心地善良，她并不贪图宝石的力量，而是真心希望用它来帮助村庄解决一个困扰已久的难题——水源的枯竭。艾拉决定踏上寻找宝石的旅程。

艾拉在森林中历经千辛万苦，她用智慧和勇气克服了一个又一个难关。最终，她来到了宝石所在的地方。守护兽出现在她的面前，它的眼睛里闪烁着智慧的光芒。

艾拉对守护兽说：“我并不想占有宝石，我只是希望用它来帮助我的村庄。我们正面临缺水的危机，我需要宝石的力量来解决这个问题。”

守护兽被艾拉的真诚和善良所打动，它决定帮助艾拉。守护兽告诉艾拉，宝石的力量并不是用来直接解决问题的，而是用来启发和引导人们找到解决问题的方法。

艾拉明白了守护兽的意思，她带着宝石的力量回到了村庄。在宝石的启发下，村民们齐心协力，最终找到了新的水源，并且学会了如何更好地保护和利用水资源。

从此，村庄再也没有遇到过缺水的问题，艾拉和宝石的故事也成为了村庄里流传千古的佳话。而那颗神奇的宝石，也永远地留在了森林深处，继续守护着这片土地和它的居民们。

seg_list:[19 12 16 24 36 48 60 72]

diffustep:[20 20 20 30]

当前音色:boyan_new_hailuo
对话id：271634782439022601
用户消息id:271634782439022596
系统消息id:271634782439022597


音频chunk数据：
序号:4, 内部序号:0, 持续时间:0.6491 sec, 到达耗时:1769 ms,累积播放时间:0.0000 sec,累积到达耗时:0.0000 sec
是否卡顿：false, 句间卡顿: false, 句内卡顿: false
-------------------------
序号:6, 内部序号:0, 持续时间:0.5109 sec, 到达耗时:160 ms,累积播放时间:0.6491 sec,累积到达耗时:0.1600 sec
是否卡顿：false, 句间卡顿: false, 句内卡顿: false
-------------------------
序号:7, 内部序号:0, 持续时间:0.6734 sec, 到达耗时:204 ms,累积播放时间:1.1600 sec,累积到达耗时:0.3640 sec
是否卡顿：false, 句间卡顿: false, 句内卡顿: false
-------------------------
序号:9, 内部序号:0, 持续时间:1.1610 sec, 到达耗时:264 ms,累积播放时间:1.8334 sec,累积到达耗时:0.6280 sec
是否卡顿：false, 句间卡顿: false, 句内卡顿: false
-------------------------
序号:10, 内部序号:0, 持续时间:0.0198 sec, 到达耗时:4 ms,累积播放时间:2.9944 sec,累积到达耗时:0.6320 sec
是否卡顿：false, 句间卡顿: false, 句内卡顿: false
-------------------------
序号:12, 内部序号:0, 持续时间:2.7819 sec, 到达耗时:5 ms,累积播放时间:3.0141 sec,累积到达耗时:0.6370 sec
是否卡顿：false, 句间卡顿: false, 句内卡顿: false
-------------------------
序号:15, 内部序号:0, 持续时间:7.0000 sec, 到达耗时:371 ms,累积播放时间:5.7961 sec,累积到达耗时:1.0080 sec
是否卡顿：false, 句间卡顿: false, 句内卡顿: false
-------------------------
序号:17, 内部序号:0, 持续时间:1.9344 sec, 到达耗时:5 ms,累积播放时间:12.7961 sec,累积到达耗时:1.0130 sec
是否卡顿：false, 句间卡顿: false, 句内卡顿: false
-------------------------
序号:23, 内部序号:0, 持续时间:3.8501 sec, 到达耗时:399 ms,累积播放时间:14.7305 sec,累积到达耗时:1.4120 sec
是否卡顿：false, 句间卡顿: false, 句内卡顿: false
-------------------------
序号:21, 内部序号:0, 持续时间:6.4000 sec, 到达耗时:-2 ms,累积播放时间:18.5806 sec,累积到达耗时:1.4100 sec
是否卡顿：false, 句间卡顿: false, 句内卡顿: false
-------------------------
序号:25, 内部序号:0, 持续时间:3.6411 sec, 到达耗时:182 ms,累积播放时间:24.9806 sec,累积到达耗时:1.5920 sec
是否卡顿：false, 句间卡顿: false, 句内卡顿: false
-------------------------
序号:28, 内部序号:0, 持续时间:3.0838 sec, 到达耗时:167 ms,累积播放时间:28.6216 sec,累积到达耗时:1.7590 sec
是否卡顿：false, 句间卡顿: false, 句内卡顿: false
-------------------------
序号:32, 内部序号:0, 持续时间:5.5568 sec, 到达耗时:668 ms,累积播放时间:31.7054 sec,累积到达耗时:2.4270 sec
是否卡顿：false, 句间卡顿: false, 句内卡顿: false
-------------------------
序号:37, 内部序号:0, 持续时间:5.6844 sec, 到达耗时:874 ms,累积播放时间:37.2622 sec,累积到达耗时:3.3010 sec
是否卡顿：false, 句间卡顿: false, 句内卡顿: false
-------------------------
序号:39, 内部序号:0, 持续时间:3.5482 sec, 到达耗时:4 ms,累积播放时间:42.9466 sec,累积到达耗时:3.3050 sec
是否卡顿：false, 句间卡顿: false, 句内卡顿: false
-------------------------
序号:41, 内部序号:0, 持续时间:3.6000 sec, 到达耗时:16 ms,累积播放时间:46.4948 sec,累积到达耗时:3.3210 sec
是否卡顿：false, 句间卡顿: false, 句内卡顿: false
-------------------------
序号:46, 内部序号:0, 持续时间:6.4043 sec, 到达耗时:610 ms,累积播放时间:50.0948 sec,累积到达耗时:3.9310 sec
是否卡顿：false, 句间卡顿: false, 句内卡顿: false
-------------------------
序号:48, 内部序号:0, 持续时间:2.3524 sec, 到达耗时:3 ms,累积播放时间:56.4991 sec,累积到达耗时:3.9340 sec
是否卡顿：false, 句间卡顿: false, 句内卡顿: false
-------------------------
序号:51, 内部序号:0, 持续时间:6.4507 sec, 到达耗时:440 ms,累积播放时间:58.8514 sec,累积到达耗时:4.3740 sec
是否卡顿：false, 句间卡顿: false, 句内卡顿: false
-------------------------
序号:53, 内部序号:0, 持续时间:2.9909 sec, 到达耗时:7 ms,累积播放时间:65.3021 sec,累积到达耗时:4.3810 sec
是否卡顿：false, 句间卡顿: false, 句内卡顿: false
-------------------------
序号:58, 内部序号:0, 持续时间:1.4584 sec, 到达耗时:158 ms,累积播放时间:68.2931 sec,累积到达耗时:4.5390 sec
是否卡顿：false, 句间卡顿: false, 句内卡顿: false
-------------------------
序号:56, 内部序号:0, 持续时间:4.4073 sec, 到达耗时:16 ms,累积播放时间:69.7514 sec,累积到达耗时:4.5550 sec
是否卡顿：false, 句间卡顿: false, 句内卡顿: false
-------------------------
序号:62, 内部序号:0, 持续时间:4.6976 sec, 到达耗时:369 ms,累积播放时间:74.1587 sec,累积到达耗时:4.9240 sec
是否卡顿：false, 句间卡顿: false, 句内卡顿: false
-------------------------
序号:65, 内部序号:0, 持续时间:4.4886 sec, 到达耗时:384 ms,累积播放时间:78.8563 sec,累积到达耗时:5.3080 sec
是否卡顿：false, 句间卡顿: false, 句内卡顿: false
-------------------------
序号:68, 内部序号:0, 持续时间:4.8253 sec, 到达耗时:336 ms,累积播放时间:83.3449 sec,累积到达耗时:5.6440 sec
是否卡顿：false, 句间卡顿: false, 句内卡顿: false
-------------------------
序号:73, 内部序号:0, 持续时间:4.3609 sec, 到达耗时:784 ms,累积播放时间:88.1702 sec,累积到达耗时:6.4280 sec
是否卡顿：false, 句间卡顿: false, 句内卡顿: false
-------------------------
序号:75, 内部序号:0, 持续时间:3.3392 sec, 到达耗时:12 ms,累积播放时间:92.5311 sec,累积到达耗时:6.4400 sec
是否卡顿：false, 句间卡顿: false, 句内卡顿: false
-------------------------
序号:77, 内部序号:0, 持续时间:4.8717 sec, 到达耗时:3 ms,累积播放时间:95.8703 sec,累积到达耗时:6.4430 sec
是否卡顿：false, 句间卡顿: false, 句内卡顿: false
-------------------------
序号:82, 内部序号:0, 持续时间:3.2115 sec, 到达耗时:211 ms,累积播放时间:100.7421 sec,累积到达耗时:6.6540 sec
是否卡顿：false, 句间卡顿: false, 句内卡顿: false
-------------------------
序号:80, 内部序号:0, 持续时间:4.8717 sec, 到达耗时:3 ms,累积播放时间:103.9536 sec,累积到达耗时:6.6570 sec
是否卡顿：false, 句间卡顿: false, 句内卡顿: false
-------------------------
序号:85, 内部序号:0, 持续时间:3.3741 sec, 到达耗时:237 ms,累积播放时间:108.8253 sec,累积到达耗时:6.8940 sec
是否卡顿：false, 句间卡顿: false, 句内卡顿: false
-------------------------
序号:87, 内部序号:0, 持续时间:4.2332 sec, 到达耗时:429 ms,累积播放时间:112.1994 sec,累积到达耗时:7.3230 sec
是否卡顿：false, 句间卡顿: false, 句内卡顿: false
-------------------------
序号:89, 内部序号:0, 持续时间:8.6334 sec, 到达耗时:1068 ms,累积播放时间:116.4326 sec,累积到达耗时:8.3910 sec
是否卡顿：false, 句间卡顿: false, 句内卡顿: false
-------------------------
总播放时间:125.0659 sec, 总到达耗时:8.3910 sec, 卡顿次数:0, 卡顿累计秒数:0.0000 sec, 句间卡顿次数:0, 句内卡顿次数:0

tns 检查耗时：query 的 tns 检查耗时：45.625µs
【0】response 的 tns 检查耗时：11.073µs ms
【1】response 的 tns 检查耗时：13.068µs ms
【2】response 的 tns 检查耗时：13.382µs ms
【3】response 的 tns 检查耗时：12.215µs ms
【5】response 的 tns 检查耗时：11.964µs ms
【8】response 的 tns 检查耗时：14.487µs ms
【14】response 的 tns 检查耗时：14.435µs ms
【19】response 的 tns 检查耗时：12.932µs ms
【20】response 的 tns 检查耗时：13.663µs ms
【27】response 的 tns 检查耗时：12.33µs ms
【30】response 的 tns 检查耗时：12.244µs ms
【31】response 的 tns 检查耗时：11.685µs ms
【34】response 的 tns 检查耗时：13.767µs ms
【35】response 的 tns 检查耗时：12.122µs ms
【36】response 的 tns 检查耗时：14.836µs ms
【43】response 的 tns 检查耗时：17.7µs ms
【44】response 的 tns 检查耗时：16.962µs ms
【45】response 的 tns 检查耗时：11.558µs ms
【50】response 的 tns 检查耗时：15.628µs ms
【55】response 的 tns 检查耗时：10.901µs ms
【60】response 的 tns 检查耗时：11.642µs ms
【61】response 的 tns 检查耗时：16.422µs ms
【64】response 的 tns 检查耗时：10.753µs ms
【67】response 的 tns 检查耗时：16.423µs ms
【70】response 的 tns 检查耗时：12.244µs ms
【71】response 的 tns 检查耗时：14.212µs ms
【72】response 的 tns 检查耗时：13.159µs ms
【79】response 的 tns 检查耗时：13.014µs ms
【84】response 的 tns 检查耗时：14.085µs ms
【91】response 的 tns 检查耗时：13.313µs ms