[07/22/24 05:17:41:786][416381][A]:(00000007): AgoraService::createRtcConnection(this:0x7f3540015850, cfg:(autoSubscribeAudio:1, autoSubscribeVideo:0, enableAudioRecordingOrPlayout:0,maxSendBitrate:0, minPort:0, maxPort:0, clientRoleType:1), connId:0)
[07/22/24 05:17:41:786][416381][A]:(00000008):   RtcConnectionImpl::initializeEx(this:0x1aa4b00, serviceCfg:(enableAudioProcessor:1, enableAudioDevice:0, enableVideo:1, context:(nil)), cfg:(autoSubscribeAudio:1, autoSubscribeVideo:0, enableAudioRecordingOrPlayout:0, maxSendBitrate:0, minPort:0, maxPort:0, clientRoleType:2, clientType:0, channelProfile:1, vosList.size:0, recvType:(audio: 0, video: 0)))
[07/22/24 05:17:41:788][416388][A]:(00000009): LegacyEventProxy::onClientRoleChanged->onChangeRoleSuccess(this:0x1aa3550, oldRole:2, newRole:1)
[07/22/24 05:17:41:789][416388][A]:(00000010): IAudioFilterComposite::addAudioFilter(this:0x7f35400ce2f0, filter: 0x7f3540239c60)
[07/22/24 05:17:41:790][416388][A]:(00000011): IAudioFilterComposite::addAudioFilter(this:0x7f354008bc50, filter: 0x7f35400ce2f0)
[07/22/24 05:17:41:790][416388][A]:(00000012): RtcConnectionImpl::getUserRole(this:0x1aa4b00, void)
[07/22/24 05:17:41:791][416388][A]:(00000013): RtcConnectionImpl::subscribeReceivePacketHandler(this:0x1aa4b00, void)
[07/22/24 05:17:41:791][416381][A]:(00000014): RtcConnectionImpl::registerObserver(this:0x1aa4b00, observer:0x1a82140)
[07/22/24 05:17:41:791][416381][A]:(00000015): LocalUserImpl::registerLocalUserObserver(this:0x7f35401a5280, observer:0x1a82270)
[07/22/24 05:17:41:791][416381][A]:(00000016): RtcConnectionImpl::registerNetworkObserver(this:0x1aa4b00, observer:0x7f35a1b6a050)
[07/22/24 05:17:41:792][416381][A]:(00000017): LocalUserImpl::setPlaybackAudioFrameBeforeMixingParameters(this:0x7f35401a5280, numberOfChannels:1, sampleRateHz:16000)
[07/22/24 05:17:41:792][416381][A]:(00000018): LocalUserImpl::registerAudioFrameObserver(this:0x7f35401a5280, observer:0x1a80300)
[07/22/24 05:17:41:792][416381][A]:(00000019): RtcConnectionImpl::connect(this:0x1aa4b00, token:"0****=", channelId:"1110", userId:"110")
[07/22/24 05:17:41:792][416388][A]:(00000020): RtcConnectionImpl::stopLastmileProbeTest(this:0x1aa4b00, void)
[07/22/24 05:17:41:794][416388][A]:(00000021): RtcConnectionImpl::setConnectionState(this:0x1aa4b00, state: 2)
[07/22/24 05:17:41:794][416388][A]:(00000022): LegacyEventProxy::onConnectionStateChanged->onConnecting(this:0x1aa3550, channel:"1110", userId:"110", reason:0)
[07/22/24 05:17:41:889][416388][A]:(00000023): RtcConnectionImpl::setConnectionState(this:0x1aa4b00, state: 3)
[07/22/24 05:17:41:889][416388][A]:(00000024): LegacyEventProxy::onJoinChannelSuccess->onConnected(this:0x1aa3550, channel:"1110", uid:"110", elapsed:97)
[07/22/24 05:17:41:889][416388][A]:(00000025):   RtcConnectionImpl::getUserInfoByUid(this:0x1aa4b00, uid:110)
[07/22/24 05:17:41:889][416388][A]:(00000026):   RtcConnectionImpl::setLocalUserId(this:0x1aa4b00, userId:"110")
[07/22/24 05:17:41:922][416388][A]:(00000027): LegacyEventProxy::onUserJoined->onUserJoined(this:0x1aa3550, uid:"123", elapsed:130)
[07/22/24 05:17:41:922][416381][A]:(00000028): MediaNodeFactoryImpl::createAudioPcmDataSender(this:0x7f354002cf90, void)
[07/22/24 05:17:41:922][416381][A]:(00000029): AgoraService::createCustomAudioTrack(this:0x7f3540015850, audioSource:0x1aa52c0)
[07/22/24 05:17:41:922][416388][A]:(00000030): RemoteAudioTrackImpl::setRemoteAudioTrackStatisticsHelper(this:0x7f35402df3e0, helper: 0x7f3540075b70)
[07/22/24 05:17:41:922][416388][A]:(00000031): RemoteAudioTrackImpl::attach(this:0x7f35402df3e0, local_ssrc: 110, remote_ssrc: 2879119636, codec: 122)
[07/22/24 05:17:41:923][416388][A]:(00000032):   IAudioFilterComposite::addAudioFilter(this:0x7f354040ed60, filter: 0x7f354007d6b0)
[07/22/24 05:17:41:923][416388][A]:(00000033):   RemoteAudioTrackImpl::addAudioFilter(this:0x7f35402df3e0, filter: 0x7f354007d6b0, position: 2)
[07/22/24 05:17:41:923][416388][A]:(00000034): RemoteAudioTrackImpl::getAudioFilter(this:0x7f35402df3e0, name: sound_position_io_agora_builtin_remote_user_playback)
[07/22/24 05:17:41:923][416388][A]:(00000035):   IAudioFilterComposite::getAudioFilter(this:0x7f354040ed60, name: sound_position_io_agora_builtin_remote_user_playback)
[07/22/24 05:17:41:923][416388][A]:(00000036): AudioStreamManager::createAndAttachRemoteAudioTrack->onUserAudioTrackSubscribed(this:0x7f354026abc0, userId:"123", track:0x7f35402df3e0)
[07/22/24 05:17:41:923][416388][A]:(00000037): RemoteAudioTrackImpl::deliverPacket(this:0x7f35402df3e0, void)
[07/22/24 05:17:41:923][416388][A]:(00000038): RemoteAudioTrackImpl::onFirstFrameDecoded(this:0x7f35402df3e0, void)
[07/22/24 05:17:41:923][416388][A]:(00000039): IAudioFilterComposite::addAudioFilter(this:0x7f35404106f0, filter: 0x7f3540081a20)
[07/22/24 05:17:41:923][416388][A]:(00000040): IAudioFilterComposite::addAudioFilter(this:0x7f35404106f0, filter: 0x7f354008bba0)
[07/22/24 05:17:41:924][416381][A]:(00000041): LocalAudioTrackPcmImpl::setEnabled(this:0x1aa3320, enable:1)
[07/22/24 05:17:41:924][416388][A]:(00000042): LocalAudioTrackImpl::setEnabled(this:0x1aa3320, enable: 1)
[07/22/24 05:17:41:924][416381][A]:(00000043): LocalUserImpl::publishAudio(this:0x7f35401a5280, audioTrack:0x1aa3320)
[07/22/24 05:17:41:924][416388][A]:(00000044): LocalAudioTrackImpl::attach(this:0x1aa3320, sourceId: 2031737407)
[07/22/24 05:17:41:942][416388][A]:(00000045): RemoteAudioTrackImpl::deliverPacket(this:0x7f35402df3e0, void)
[07/22/24 05:17:41:962][416388][A]:(00000046): RemoteAudioTrackImpl::deliverPacket(this:0x7f35402df3e0, void)
[07/22/24 05:17:41:981][416388][A]:(00000047): RemoteAudioTrackImpl::deliverPacket(this:0x7f35402df3e0, ... (ignore to avoid too many logs))
[07/22/24 05:17:41:986][416388][A]:(00000048): AudioStreamManager::PollTrackInfoAndNotify->onFirstRemoteAudioFrame(this:0x7f354026abc0, userId:123, track: 0x7f35402df3e0, elapsed:131)
[07/22/24 05:17:41:986][416388][A]:(00000049): AudioStreamManager::PollTrackInfoAndNotify->onUserAudioTrackStateChanged(this:0x7f354026abc0, userId:123, track:0x7f35402df3e0, state:1, reason:6, elapsed:131)
[07/22/24 05:17:41:986][416388][A]:(00000050): AudioStreamManager::PollTrackInfoAndNotify->onFirstRemoteAudioDecoded(this:0x7f354026abc0, userId:123,  elapsed:131)
[07/22/24 05:17:41:986][416388][A]:(00000051): AudioStreamManager::PollTrackInfoAndNotify->onUserAudioTrackStateChanged(this:0x7f354026abc0, userId:123, track:0x7f35402df3e0, state:2, reason:6, elapsed:131)
[07/22/24 05:17:42:409][416388][A]:(00000052): AudioStreamManager::onMuteRemoteAudio->onUserInfoUpdated(this:0x7f354026abc0, userId:"123", msg:0, mute:0)
[07/22/24 05:17:42:409][416388][A]:(00000053): VideoStreamManager::onEnableRemoteVideo->onUserInfoUpdated(this:0x7f354026da70, uid:"123", msg:4, enable:1)
[07/22/24 05:17:42:409][416388][A]:(00000054): VideoStreamManager::onEnableRemoteLocalVideo->onUserInfoUpdated(this:0x7f354026da70, uid:"123", msg:8, enable:1)
[07/22/24 05:17:42:409][416388][A]:(00000055): VideoStreamManager::onMuteRemoteVideo->onUserInfoUpdated(this:0x7f354026da70, uid:"123", msg:1, mute:1)
[07/22/24 05:17:43:697][416381][A]:(00000056): LocalAudioTrackPcmImpl::ClearSenderBuffer(this:0x1aa3320, ClearSenderBuffer:)
[07/22/24 05:17:43:697][416381][A]:(00000057): AudioPcmDataSenderImpl::sendAudioPcmData(this:0x1aa52c0, audio_data:0x1aa3670, capture_timestamp:0, samples_per_channel:160, bytes_per_sample:2, number_of_channels:1, sample_rate:16000)
[07/22/24 05:17:43:697][416381][A]:(00000058): AudioPcmDataSenderImpl::sendAudioPcmData(this:0x1aa52c0, audio_data:0x1aa3670, capture_timestamp:0, samples_per_channel:160, bytes_per_sample:2, number_of_channels:1, sample_rate:16000)
[07/22/24 05:17:43:697][416381][A]:(00000059): AudioPcmDataSenderImpl::sendAudioPcmData(this:0x1aa52c0, ... (ignore to avoid too many logs))
[07/22/24 05:17:43:985][416388][A]:(00000060): RemoteAudioTrackImpl::getAudioFilter(this:0x7f35402df3e0, name: sound_position_io_agora_builtin_remote_user_playback)
[07/22/24 05:17:43:985][416388][A]:(00000061):   IAudioFilterComposite::getAudioFilter(this:0x7f354040ed60, name: sound_position_io_agora_builtin_remote_user_playback)
[07/22/24 05:17:45:985][416388][A]:(00000062): RemoteAudioTrackImpl::getAudioFilter(this:0x7f35402df3e0, name: sound_position_io_agora_builtin_remote_user_playback)
[07/22/24 05:17:45:985][416388][A]:(00000063):   IAudioFilterComposite::getAudioFilter(this:0x7f354040ed60, name: sound_position_io_agora_builtin_remote_user_playback)
[07/22/24 05:17:47:985][416388][A]:(00000064): RemoteAudioTrackImpl::getAudioFilter(this:0x7f35402df3e0, name: sound_position_io_agora_builtin_remote_user_playback)
[07/22/24 05:17:47:985][416388][A]:(00000065):   IAudioFilterComposite::getAudioFilter(this:0x7f354040ed60, name: sound_position_io_agora_builtin_remote_user_playback)
[07/22/24 05:17:49:985][416388][A]:(00000066): RemoteAudioTrackImpl::getAudioFilter(this:0x7f35402df3e0, name: sound_position_io_agora_builtin_remote_user_playback)
[07/22/24 05:17:49:985][416388][A]:(00000067):   IAudioFilterComposite::getAudioFilter(this:0x7f354040ed60, name: sound_position_io_agora_builtin_remote_user_playback)
[07/22/24 05:17:49:985][416388][A]:(00000068): RemoteAudioTrackImpl::onAudioFrozenStatusChange(this:0x7f35402df3e0, void)
[07/22/24 05:17:50:185][416388][A]:(00000069): AudioStreamManager::PollTrackInfoAndNotify->onUserAudioTrackStateChanged(this:0x7f354026abc0, userId:123, track:0x7f35402df3e0, state:3, reason:1, elapsed:8193)
[07/22/24 05:17:51:986][416388][A]:(00000070): RemoteAudioTrackImpl::getAudioFilter(this:0x7f35402df3e0, name: sound_position_io_agora_builtin_remote_user_playback)
[07/22/24 05:17:51:986][416388][A]:(00000071):   IAudioFilterComposite::getAudioFilter(this:0x7f354040ed60, name: sound_position_io_agora_builtin_remote_user_playback)
[07/22/24 05:17:51:986][416388][A]:(00000072): RemoteAudioTrackImpl::onAudioFrozenStatusChange(this:0x7f35402df3e0, void)
[07/22/24 05:17:52:185][416388][A]:(00000073): AudioStreamManager::PollTrackInfoAndNotify->onUserAudioTrackStateChanged(this:0x7f354026abc0, userId:123, track:0x7f35402df3e0, state:2, reason:2, elapsed:10194)
[07/22/24 05:17:54:185][416388][A]:(00000074): RemoteAudioTrackImpl::getAudioFilter(this:0x7f35402df3e0, name: sound_position_io_agora_builtin_remote_user_playback)
[07/22/24 05:17:54:185][416388][A]:(00000075):   IAudioFilterComposite::getAudioFilter(this:0x7f354040ed60, name: sound_position_io_agora_builtin_remote_user_playback)
[07/22/24 05:17:56:186][416388][A]:(00000076): RemoteAudioTrackImpl::getAudioFilter(this:0x7f35402df3e0, name: sound_position_io_agora_builtin_remote_user_playback)
[07/22/24 05:17:56:186][416388][A]:(00000077):   IAudioFilterComposite::getAudioFilter(this:0x7f354040ed60, name: sound_position_io_agora_builtin_remote_user_playback)
[07/22/24 05:17:58:385][416388][A]:(00000078): RemoteAudioTrackImpl::getAudioFilter(this:0x7f35402df3e0, name: sound_position_io_agora_builtin_remote_user_playback)
[07/22/24 05:17:58:385][416388][A]:(00000079):   IAudioFilterComposite::getAudioFilter(this:0x7f354040ed60, name: sound_position_io_agora_builtin_remote_user_playback)
[07/22/24 05:17:58:385][416388][A]:(00000080): RemoteAudioTrackImpl::onAudioFrozenStatusChange(this:0x7f35402df3e0, void)
[07/22/24 05:17:58:586][416388][A]:(00000081): AudioStreamManager::PollTrackInfoAndNotify->onUserAudioTrackStateChanged(this:0x7f354026abc0, userId:123, track:0x7f35402df3e0, state:3, reason:1, elapsed:16593)
[07/22/24 05:18:00:385][416388][A]:(00000082): RemoteAudioTrackImpl::getAudioFilter(this:0x7f35402df3e0, name: sound_position_io_agora_builtin_remote_user_playback)
[07/22/24 05:18:00:385][416388][A]:(00000083):   IAudioFilterComposite::getAudioFilter(this:0x7f354040ed60, name: sound_position_io_agora_builtin_remote_user_playback)
[07/22/24 05:18:00:385][416388][A]:(00000084): RemoteAudioTrackImpl::onAudioFrozenStatusChange(this:0x7f35402df3e0, void)
[07/22/24 05:18:00:586][416388][A]:(00000085): AudioStreamManager::PollTrackInfoAndNotify->onUserAudioTrackStateChanged(this:0x7f354026abc0, userId:123, track:0x7f35402df3e0, state:2, reason:2, elapsed:18593)
[07/22/24 05:18:02:386][416388][A]:(00000086): RemoteAudioTrackImpl::getAudioFilter(this:0x7f35402df3e0, name: sound_position_io_agora_builtin_remote_user_playback)
[07/22/24 05:18:02:386][416388][A]:(00000087):   IAudioFilterComposite::getAudioFilter(this:0x7f354040ed60, name: sound_position_io_agora_builtin_remote_user_playback)
[07/22/24 05:18:04:385][416388][A]:(00000088): RemoteAudioTrackImpl::getAudioFilter(this:0x7f35402df3e0, name: sound_position_io_agora_builtin_remote_user_playback)
[07/22/24 05:18:04:385][416388][A]:(00000089):   IAudioFilterComposite::getAudioFilter(this:0x7f354040ed60, name: sound_position_io_agora_builtin_remote_user_playback)
[07/22/24 05:18:06:385][416388][A]:(00000090): RemoteAudioTrackImpl::getAudioFilter(this:0x7f35402df3e0, name: sound_position_io_agora_builtin_remote_user_playback)
[07/22/24 05:18:06:385][416388][A]:(00000091):   IAudioFilterComposite::getAudioFilter(this:0x7f354040ed60, name: sound_position_io_agora_builtin_remote_user_playback)
[07/22/24 05:18:08:386][416388][A]:(00000092): RemoteAudioTrackImpl::getAudioFilter(this:0x7f35402df3e0, name: sound_position_io_agora_builtin_remote_user_playback)
[07/22/24 05:18:08:386][416388][A]:(00000093):   IAudioFilterComposite::getAudioFilter(this:0x7f354040ed60, name: sound_position_io_agora_builtin_remote_user_playback)
[07/22/24 05:18:10:385][416388][A]:(00000094): RemoteAudioTrackImpl::getAudioFilter(this:0x7f35402df3e0, name: sound_position_io_agora_builtin_remote_user_playback)
[07/22/24 05:18:10:385][416388][A]:(00000095):   IAudioFilterComposite::getAudioFilter(this:0x7f354040ed60, name: sound_position_io_agora_builtin_remote_user_playback)
[07/22/24 05:18:12:386][416388][A]:(00000096): RemoteAudioTrackImpl::getAudioFilter(this:0x7f35402df3e0, name: sound_position_io_agora_builtin_remote_user_playback)
[07/22/24 05:18:12:386][416388][A]:(00000097):   IAudioFilterComposite::getAudioFilter(this:0x7f354040ed60, name: sound_position_io_agora_builtin_remote_user_playback)
[07/22/24 05:18:14:386][416388][A]:(00000098): RemoteAudioTrackImpl::getAudioFilter(this:0x7f35402df3e0, name: sound_position_io_agora_builtin_remote_user_playback)
[07/22/24 05:18:14:386][416388][A]:(00000099):   IAudioFilterComposite::getAudioFilter(this:0x7f354040ed60, name: sound_position_io_agora_builtin_remote_user_playback)
[07/22/24 05:18:16:586][416388][A]:(00000100): RemoteAudioTrackImpl::getAudioFilter(this:0x7f35402df3e0, name: sound_position_io_agora_builtin_remote_user_playback)
[07/22/24 05:18:16:586][416388][A]:(00000101):   IAudioFilterComposite::getAudioFilter(this:0x7f354040ed60, name: sound_position_io_agora_builtin_remote_user_playback)
[07/22/24 05:18:18:586][416388][A]:(00000102): RemoteAudioTrackImpl::getAudioFilter(this:0x7f35402df3e0, name: sound_position_io_agora_builtin_remote_user_playback)
[07/22/24 05:18:18:586][416388][A]:(00000103):   IAudioFilterComposite::getAudioFilter(this:0x7f354040ed60, name: sound_position_io_agora_builtin_remote_user_playback)
